<response>
<header>
    <resultCode>00</resultCode>
    <resultMsg>NORMAL SERVICE.</resultMsg>
</header>
<body>
<items>
    <item>
        <거래금액> 82,500</거래금액>
        <거래유형> </거래유형>
        <건축년도>2008</건축년도>
        <년>2021</년>
        <동> </동>
        <등기일자> </등기일자>
        <매도자> </매도자>
        <매수자> </매수자>
        <법정동> 사직동</법정동>
        <아파트>광화문스페이스본(101동~105동)</아파트>
        <월>12</월>
        <일>10</일>
        <전용면적>94.51</전용면적>
        <중개사소재지> </중개사소재지>
        <지번>9</지번>
        <지역코드>11110</지역코드>
        <층>11</층>
        <해제사유발생일> </해제사유발생일>
        <해제여부> </해제여부>
    </item>
</items>
   </body>
           </response>